<?xml version="1.0" encoding="UTF-8"?>
<testsuite xmlns:xsi="http://www.w3.org/2001/XMLSchema-instance" xsi:noNamespaceSchemaLocation="https://maven.apache.org/surefire/maven-surefire-plugin/xsd/surefire-test-report-3.0.xsd" version="3.0" name="com.fuyu.test.BrandTest" time="2.628" tests="1" errors="0" skipped="0" failures="0">
  <properties>
[...]
</properties>
  <testcase name="testSelectBrandById" classname="com.fuyu.test.BrandTest" time="2.55">
    <system-out><![CDATA[[DEBUG]  &amp#27;[36m[main]&amp#27;[0;39m &amp#27;[1;32mo.a.i.l.LogFactory&amp#27;[0;39m - Logging initialized using 'class org.apache.ibatis.logging.slf4j.Slf4jImpl' adapter. 
[DEBUG]  &amp#27;[36m[main]&amp#27;[0;39m &amp#27;[1;32mo.a.i.io.VFS&amp#27;[0;39m - Class not found: org.jboss.vfs.VFS 
[DEBUG]  &amp#27;[36m[main]&amp#27;[0;39m &amp#27;[1;32mo.a.i.i.JBoss6VFS&amp#27;[0;39m - JBoss 6 VFS API is not available in this environment. 
[DEBUG]  &amp#27;[36m[main]&amp#27;[0;39m &amp#27;[1;32mo.a.i.io.VFS&amp#27;[0;39m - Class not found: org.jboss.vfs.VirtualFile 
[DEBUG]  &amp#27;[36m[main]&amp#27;[0;39m &amp#27;[1;32mo.a.i.io.VFS&amp#27;[0;39m - VFS implementation org.apache.ibatis.io.JBoss6VFS is not valid in this environment. 
[DEBUG]  &amp#27;[36m[main]&amp#27;[0;39m &amp#27;[1;32mo.a.i.io.VFS&amp#27;[0;39m - Using VFS adapter org.apache.ibatis.io.DefaultVFS 
[DEBUG]  &amp#27;[36m[main]&amp#27;[0;39m &amp#27;[1;32mo.a.i.i.DefaultVFS&amp#27;[0;39m - Find JAR URL: file:/D:/java/Mybatis/Demo12/target/classes/com/fuyu/pojo 
[DEBUG]  &amp#27;[36m[main]&amp#27;[0;39m &amp#27;[1;32mo.a.i.i.DefaultVFS&amp#27;[0;39m - Not a JAR: file:/D:/java/Mybatis/Demo12/target/classes/com/fuyu/pojo 
[DEBUG]  &amp#27;[36m[main]&amp#27;[0;39m &amp#27;[1;32mo.a.i.i.DefaultVFS&amp#27;[0;39m - Reader entry: Brand.class 
[DEBUG]  &amp#27;[36m[main]&amp#27;[0;39m &amp#27;[1;32mo.a.i.i.DefaultVFS&amp#27;[0;39m - Reader entry: demo.class 
[DEBUG]  &amp#27;[36m[main]&amp#27;[0;39m &amp#27;[1;32mo.a.i.i.DefaultVFS&amp#27;[0;39m - Reader entry: User.class 
[DEBUG]  &amp#27;[36m[main]&amp#27;[0;39m &amp#27;[1;32mo.a.i.i.DefaultVFS&amp#27;[0;39m - Listing file:/D:/java/Mybatis/Demo12/target/classes/com/fuyu/pojo 
[DEBUG]  &amp#27;[36m[main]&amp#27;[0;39m &amp#27;[1;32mo.a.i.i.DefaultVFS&amp#27;[0;39m - Find JAR URL: file:/D:/java/Mybatis/Demo12/target/classes/com/fuyu/pojo/Brand.class 
[DEBUG]  &amp#27;[36m[main]&amp#27;[0;39m &amp#27;[1;32mo.a.i.i.DefaultVFS&amp#27;[0;39m - Not a JAR: file:/D:/java/Mybatis/Demo12/target/classes/com/fuyu/pojo/Brand.class 
[DEBUG]  &amp#27;[36m[main]&amp#27;[0;39m &amp#27;[1;32mo.a.i.i.DefaultVFS&amp#27;[0;39m - Reader entry: ����&amp#0;&amp#0;&amp#0;3&amp#0;P 
[DEBUG]  &amp#27;[36m[main]&amp#27;[0;39m &amp#27;[1;32mo.a.i.i.DefaultVFS&amp#27;[0;39m - Find JAR URL: file:/D:/java/Mybatis/Demo12/target/classes/com/fuyu/pojo/demo.class 
[DEBUG]  &amp#27;[36m[main]&amp#27;[0;39m &amp#27;[1;32mo.a.i.i.DefaultVFS&amp#27;[0;39m - Not a JAR: file:/D:/java/Mybatis/Demo12/target/classes/com/fuyu/pojo/demo.class 
[DEBUG]  &amp#27;[36m[main]&amp#27;[0;39m &amp#27;[1;32mo.a.i.i.DefaultVFS&amp#27;[0;39m - Reader entry: ����&amp#0;&amp#0;&amp#0;3&amp#0;U 
[DEBUG]  &amp#27;[36m[main]&amp#27;[0;39m &amp#27;[1;32mo.a.i.i.DefaultVFS&amp#27;[0;39m - Find JAR URL: file:/D:/java/Mybatis/Demo12/target/classes/com/fuyu/pojo/User.class 
[DEBUG]  &amp#27;[36m[main]&amp#27;[0;39m &amp#27;[1;32mo.a.i.i.DefaultVFS&amp#27;[0;39m - Not a JAR: file:/D:/java/Mybatis/Demo12/target/classes/com/fuyu/pojo/User.class 
[DEBUG]  &amp#27;[36m[main]&amp#27;[0;39m &amp#27;[1;32mo.a.i.i.DefaultVFS&amp#27;[0;39m - Reader entry: ����&amp#0;&amp#0;&amp#0;3&amp#0;I 
[DEBUG]  &amp#27;[36m[main]&amp#27;[0;39m &amp#27;[1;32mo.a.i.i.ResolverUtil&amp#27;[0;39m - Checking to see if class com.fuyu.pojo.Brand matches criteria [is assignable to Object] 
[DEBUG]  &amp#27;[36m[main]&amp#27;[0;39m &amp#27;[1;32mo.a.i.i.ResolverUtil&amp#27;[0;39m - Checking to see if class com.fuyu.pojo.demo matches criteria [is assignable to Object] 
[DEBUG]  &amp#27;[36m[main]&amp#27;[0;39m &amp#27;[1;32mo.a.i.i.ResolverUtil&amp#27;[0;39m - Checking to see if class com.fuyu.pojo.User matches criteria [is assignable to Object] 
[DEBUG]  &amp#27;[36m[main]&amp#27;[0;39m &amp#27;[1;32mo.a.i.d.p.PooledDataSource&amp#27;[0;39m - PooledDataSource forcefully closed/removed all connections. 
[DEBUG]  &amp#27;[36m[main]&amp#27;[0;39m &amp#27;[1;32mo.a.i.d.p.PooledDataSource&amp#27;[0;39m - PooledDataSource forcefully closed/removed all connections. 
[DEBUG]  &amp#27;[36m[main]&amp#27;[0;39m &amp#27;[1;32mo.a.i.d.p.PooledDataSource&amp#27;[0;39m - PooledDataSource forcefully closed/removed all connections. 
[DEBUG]  &amp#27;[36m[main]&amp#27;[0;39m &amp#27;[1;32mo.a.i.d.p.PooledDataSource&amp#27;[0;39m - PooledDataSource forcefully closed/removed all connections. 
[DEBUG]  &amp#27;[36m[main]&amp#27;[0;39m &amp#27;[1;32mo.a.i.i.DefaultVFS&amp#27;[0;39m - Find JAR URL: file:/D:/java/Mybatis/Demo12/target/classes/com/fuyu/mapper 
[DEBUG]  &amp#27;[36m[main]&amp#27;[0;39m &amp#27;[1;32mo.a.i.i.DefaultVFS&amp#27;[0;39m - Not a JAR: file:/D:/java/Mybatis/Demo12/target/classes/com/fuyu/mapper 
[DEBUG]  &amp#27;[36m[main]&amp#27;[0;39m &amp#27;[1;32mo.a.i.i.DefaultVFS&amp#27;[0;39m - Reader entry: BrandMapper.class 
[DEBUG]  &amp#27;[36m[main]&amp#27;[0;39m &amp#27;[1;32mo.a.i.i.DefaultVFS&amp#27;[0;39m - Reader entry: BrandMapper.xml 
[DEBUG]  &amp#27;[36m[main]&amp#27;[0;39m &amp#27;[1;32mo.a.i.i.DefaultVFS&amp#27;[0;39m - Reader entry: UserMapper.class 
[DEBUG]  &amp#27;[36m[main]&amp#27;[0;39m &amp#27;[1;32mo.a.i.i.DefaultVFS&amp#27;[0;39m - Reader entry: userMapper.xml 
[DEBUG]  &amp#27;[36m[main]&amp#27;[0;39m &amp#27;[1;32mo.a.i.i.DefaultVFS&amp#27;[0;39m - Listing file:/D:/java/Mybatis/Demo12/target/classes/com/fuyu/mapper 
[DEBUG]  &amp#27;[36m[main]&amp#27;[0;39m &amp#27;[1;32mo.a.i.i.DefaultVFS&amp#27;[0;39m - Find JAR URL: file:/D:/java/Mybatis/Demo12/target/classes/com/fuyu/mapper/BrandMapper.class 
[DEBUG]  &amp#27;[36m[main]&amp#27;[0;39m &amp#27;[1;32mo.a.i.i.DefaultVFS&amp#27;[0;39m - Not a JAR: file:/D:/java/Mybatis/Demo12/target/classes/com/fuyu/mapper/BrandMapper.class 
[DEBUG]  &amp#27;[36m[main]&amp#27;[0;39m &amp#27;[1;32mo.a.i.i.DefaultVFS&amp#27;[0;39m - Reader entry: ����&amp#0;&amp#0;&amp#0;3&amp#0;&amp#16;&amp#7;&amp#0;&amp#14;&amp#7;&amp#0;&amp#15;&amp#1;&amp#0;	selectAll&amp#1;&amp#0;&amp#18;()Ljava/util/List;&amp#1;&amp#0;	Signature&amp#1;&amp#0;)()Ljava/util/List<Lcom/fuyu/pojo/Brand;>;&amp#1;&amp#0;&amp#15;selectBranfById&amp#1;&amp#0;&amp#24;(I)Lcom/fuyu/pojo/Brand;&amp#1;&amp#0;&amp#17;selectByCondition&amp#1;&amp#0;!(Ljava/util/Map;)Ljava/util/List;&amp#1;&amp#0;8(Ljava/util/Map;)Ljava/util/List<Lcom/fuyu/pojo/Brand;>;&amp#1;&amp#0; 
[DEBUG]  &amp#27;[36m[main]&amp#27;[0;39m &amp#27;[1;32mo.a.i.i.DefaultVFS&amp#27;[0;39m - Find JAR URL: file:/D:/java/Mybatis/Demo12/target/classes/com/fuyu/mapper/BrandMapper.xml 
[DEBUG]  &amp#27;[36m[main]&amp#27;[0;39m &amp#27;[1;32mo.a.i.i.DefaultVFS&amp#27;[0;39m - Not a JAR: file:/D:/java/Mybatis/Demo12/target/classes/com/fuyu/mapper/BrandMapper.xml 
[DEBUG]  &amp#27;[36m[main]&amp#27;[0;39m &amp#27;[1;32mo.a.i.i.DefaultVFS&amp#27;[0;39m - Reader entry: <?xml version="1.0" encoding="UTF-8" ?> 
[DEBUG]  &amp#27;[36m[main]&amp#27;[0;39m &amp#27;[1;32mo.a.i.i.DefaultVFS&amp#27;[0;39m - Find JAR URL: file:/D:/java/Mybatis/Demo12/target/classes/com/fuyu/mapper/UserMapper.class 
[DEBUG]  &amp#27;[36m[main]&amp#27;[0;39m &amp#27;[1;32mo.a.i.i.DefaultVFS&amp#27;[0;39m - Not a JAR: file:/D:/java/Mybatis/Demo12/target/classes/com/fuyu/mapper/UserMapper.class 
[DEBUG]  &amp#27;[36m[main]&amp#27;[0;39m &amp#27;[1;32mo.a.i.i.DefaultVFS&amp#27;[0;39m - Reader entry: ����&amp#0;&amp#0;&amp#0;3&amp#0; 
[DEBUG]  &amp#27;[36m[main]&amp#27;[0;39m &amp#27;[1;32mo.a.i.i.DefaultVFS&amp#27;[0;39m - Find JAR URL: file:/D:/java/Mybatis/Demo12/target/classes/com/fuyu/mapper/userMapper.xml 
[DEBUG]  &amp#27;[36m[main]&amp#27;[0;39m &amp#27;[1;32mo.a.i.i.DefaultVFS&amp#27;[0;39m - Not a JAR: file:/D:/java/Mybatis/Demo12/target/classes/com/fuyu/mapper/userMapper.xml 
[DEBUG]  &amp#27;[36m[main]&amp#27;[0;39m &amp#27;[1;32mo.a.i.i.DefaultVFS&amp#27;[0;39m - Reader entry: <?xml version="1.0" encoding="UTF-8" ?> 
[DEBUG]  &amp#27;[36m[main]&amp#27;[0;39m &amp#27;[1;32mo.a.i.i.ResolverUtil&amp#27;[0;39m - Checking to see if class com.fuyu.mapper.BrandMapper matches criteria [is assignable to Object] 
[DEBUG]  &amp#27;[36m[main]&amp#27;[0;39m &amp#27;[1;32mo.a.i.i.ResolverUtil&amp#27;[0;39m - Checking to see if class com.fuyu.mapper.UserMapper matches criteria [is assignable to Object] 
[DEBUG]  &amp#27;[36m[main]&amp#27;[0;39m &amp#27;[1;32mo.a.i.t.j.JdbcTransaction&amp#27;[0;39m - Opening JDBC Connection 
[DEBUG]  &amp#27;[36m[main]&amp#27;[0;39m &amp#27;[1;32mo.a.i.d.p.PooledDataSource&amp#27;[0;39m - Created connection 995991728. 
[DEBUG]  &amp#27;[36m[main]&amp#27;[0;39m &amp#27;[1;32mo.a.i.t.j.JdbcTransaction&amp#27;[0;39m - Setting autocommit to false on JDBC Connection [com.mysql.jdbc.JDBC4Connection@3b5da0b0] 
[DEBUG]  &amp#27;[36m[main]&amp#27;[0;39m &amp#27;[1;32mc.f.m.B.selectBranfById&amp#27;[0;39m - ==>  Preparing: select * from tb_brand where id=?; 
[DEBUG]  &amp#27;[36m[main]&amp#27;[0;39m &amp#27;[1;32mc.f.m.B.selectBranfById&amp#27;[0;39m - ==> Parameters: 1(Integer) 
[DEBUG]  &amp#27;[36m[main]&amp#27;[0;39m &amp#27;[1;32mc.f.m.B.selectBranfById&amp#27;[0;39m - <==      Total: 1 
Brand{id=1, brandName='三只松鼠', companyName='三只松鼠股份有限公司', ordered=5, description='好吃不上火', status=0}
[DEBUG]  &amp#27;[36m[main]&amp#27;[0;39m &amp#27;[1;32mo.a.i.t.j.JdbcTransaction&amp#27;[0;39m - Resetting autocommit to true on JDBC Connection [com.mysql.jdbc.JDBC4Connection@3b5da0b0] 
[DEBUG]  &amp#27;[36m[main]&amp#27;[0;39m &amp#27;[1;32mo.a.i.t.j.JdbcTransaction&amp#27;[0;39m - Closing JDBC Connection [com.mysql.jdbc.JDBC4Connection@3b5da0b0] 
[DEBUG]  &amp#27;[36m[main]&amp#27;[0;39m &amp#27;[1;32mo.a.i.d.p.PooledDataSource&amp#27;[0;39m - Returned connection 995991728 to pool. 
]]></system-out>
  </testcase>
</testsuite>